Job ID: 26307646
Node:   spartan-gpgpu176
GPU:    0
GPU 0: NVIDIA H100 80GB HBM3 (UUID: GPU-acf6f894-361f-ac1c-0a4a-241d225c7659)
cuda: True NVIDIA H100 80GB HBM3
Start:  Sat 20 Jun 2026 02:43:11 AEST
device=cuda, model_type=conductance, nofruns=20, nofsteps=10000, fname=training_with_Ih.npy

round 0


Initl cost = 54.3783
Final cost = 4.5709
Best  cost = 3.3365
time needed  = 1515.95  sec


Initl cost = 3.3365
Final cost = 2.8918
Best  cost = 2.8917
time needed  = 1530.55  sec


Initl cost = 2.8917
Final cost = 2.8425
Best  cost = 2.8421
time needed  = 1538.84  sec


round 1


Initl cost = 49.4237
Final cost = 3.8262
Best  cost = 3.8132
time needed  = 1540.98  sec


Initl cost = 3.8132
Final cost = 4.0197
Best  cost = 3.6935
time needed  = 1537.48  sec


Initl cost = 3.6935
Final cost = 3.6550
Best  cost = 3.6537
time needed  = 1534.01  sec


round 2


Initl cost = 56.7749
Final cost = 5.1998
Best  cost = 4.1306
time needed  = 1525.90  sec


Initl cost = 4.1306
Final cost = 3.7512
Best  cost = 3.7404
time needed  = 1528.01  sec


Initl cost = 3.7404
Final cost = 3.6636
Best  cost = 3.6582
time needed  = 1529.25  sec


round 3


Initl cost = 55.1561
Final cost = 5.1146
Best  cost = 4.5213
time needed  = 1528.15  sec


Initl cost = 4.5213
Final cost = 4.3834
Best  cost = 4.3746
time needed  = 1532.38  sec


Initl cost = 4.3746
Final cost = 4.3556
Best  cost = 4.3555
time needed  = 1529.56  sec


round 4


Initl cost = 54.7234
Final cost = 4.2880
Best  cost = 4.0672
time needed  = 1528.76  sec


Initl cost = 4.0672
Final cost = 3.7480
Best  cost = 3.7095
time needed  = 1530.57  sec


Initl cost = 3.7095
Final cost = 3.6937
Best  cost = 3.6930
time needed  = 1528.00  sec


round 5


Initl cost = 51.2579
Final cost = 6.0982
Best  cost = 4.6936
time needed  = 1525.86  sec


Initl cost = 4.6936
Final cost = 4.6252
Best  cost = 4.5882
time needed  = 1531.57  sec


Initl cost = 4.5882
Final cost = 4.5729
Best  cost = 4.5712
time needed  = 1529.07  sec


round 6


Initl cost = 57.8036
Final cost = 5.0953
Best  cost = 3.9826
time needed  = 1531.18  sec


Initl cost = 3.9826
Final cost = 4.2783
Best  cost = 3.8615
time needed  = 1523.10  sec


Initl cost = 3.8615
Final cost = 3.8327
Best  cost = 3.8324
time needed  = 1516.77  sec


round 7


Initl cost = 49.7874
Final cost = 4.3020
Best  cost = 4.1188
time needed  = 1517.38  sec


Initl cost = 4.1188
Final cost = 4.1301
Best  cost = 3.8230
time needed  = 1518.84  sec


Initl cost = 3.8230
Final cost = 3.7588
Best  cost = 3.7586
time needed  = 1515.23  sec


round 8


Initl cost = 50.1335
Final cost = 4.0802
Best  cost = 3.9420
time needed  = 1516.01  sec


Initl cost = 3.9420
Final cost = 9.7168
Best  cost = 3.7657
time needed  = 1516.06  sec


Initl cost = 3.7657
Final cost = 11.5332
Best  cost = 3.6404
time needed  = 1512.95  sec


round 9


Initl cost = 52.7128
Final cost = 4.2713
Best  cost = 4.0191
time needed  = 1517.31  sec

