Job ID: 26331917
Node:   spartan-gpgpu172
GPU:    0
GPU 0: NVIDIA H100 80GB HBM3 (UUID: GPU-d2bc18c2-d4fb-54f6-5a30-97e752272c20)
cuda: True NVIDIA H100 80GB HBM3
Start:  Sat 20 Jun 2026 20:41:27 AEST
device=cuda, model_type=conductance, nofruns=1, nofsteps=100, lrs=[0.1, 0.01, 0.001], fname=training_with_Ih.npy, outdir=FiveCol_Parameter/gpu_test/run_20260620_204130

round 0


Initl cost = 55.6397
Final cost = 9.9430
Best  cost = 9.9430
time needed  = 17.61  sec


Initl cost = 9.9430
Final cost = 8.6789
Best  cost = 8.6789
time needed  = 16.11  sec


Initl cost = 8.6789
Final cost = 8.5393
Best  cost = 8.5393
time needed  = 16.18  sec

done in 0.01 hours
1 trained set(s); costs min=8.5393 max=8.5393; selected #0
saved: FiveCol_Parameter/gpu_test/run_20260620_204130/cost_curve.png
saved: FiveCol_Parameter/gpu_test/run_20260620_204130/model_vs_data.png
saved: FiveCol_Parameter/gpu_test/run_20260620_204130/model_all_cells.png
End:    Sat 20 Jun 2026 20:42:25 AEST
