Job ID: 26331964
Node:   spartan-gpgpu012
GPU:    0
GPU 0: NVIDIA H100 80GB HBM3 (UUID: GPU-22530009-9f8f-1ee4-fdc0-d6acc0f1b949)
cuda: True NVIDIA H100 80GB HBM3
Start:  Sat 20 Jun 2026 20:45:23 AEST
device=cuda, model_type=conductance, nofruns=1, nofsteps=100, lrs=[0.1, 0.01, 0.001], fname=training_with_Ih.npy, outdir=FiveCol_Parameter/gpu_test/run_26331964

round 0


Initl cost = 51.0900
Final cost = 10.1458
Best  cost = 10.1458
time needed  = 17.39  sec


Initl cost = 10.1458
Final cost = 9.2617
Best  cost = 8.9880
time needed  = 15.25  sec


Initl cost = 8.9880
Final cost = 8.8704
Best  cost = 8.8704
time needed  = 15.37  sec

done in 0.01 hours
1 trained set(s); costs min=8.8704 max=8.8704; selected #0
saved: FiveCol_Parameter/gpu_test/run_26331964/cost_curve.png
saved: FiveCol_Parameter/gpu_test/run_26331964/model_vs_data.png
saved: FiveCol_Parameter/gpu_test/run_26331964/model_all_cells.png
End:    Sat 20 Jun 2026 20:46:19 AEST
