Job ID: 26693975
Node:   spartan-gpgpu012
GPU:    0
GPU 0: NVIDIA H100 80GB HBM3 (UUID: GPU-e3126e03-0845-d66d-deb3-f28417a46ec9)
cuda: True NVIDIA H100 80GB HBM3
Start:  Thu 02 Jul 2026 03:44:01 AEST
network: /home/yitai/drosophila_vision/temporal_filtering/Connectome/FAFBv783/built_network/right_min_neuron1_extent2/network.json
  moving-bar (B=16 stimuli, 1216 cost cells)
  n_units=668, n_types=32, nparams=104, maxtime=141
param modes -> inp_gain:individual(32), out_gain:individual(32), Ih_gmax:individual(5), Ih_midv:individual(1), Ih_slope:individual(1), tau_midv:individual(1), out_scale:individual(32)
device=cuda, model_type=conductance, nofruns=1, nofsteps=10000, lrs=[0.1, 0.01, 0.001], nparams=104, fname=training_with_Ih.npy, outdir=FiveCol_Parameter/conductance/run_26693975

round 0


Initl cost = 1357.8535
Final cost = 81.2870
Best  cost = 80.3479
time needed  = 1091.41  sec


Initl cost = 80.3479
Final cost = 79.6524
Best  cost = 79.6524
time needed  = 1083.60  sec


Initl cost = 79.6524
Final cost = 79.5969
Best  cost = 79.5968
time needed  = 1083.68  sec

done in 0.91 hours
wrote table: FiveCol_Parameter/conductance/run_26693975/training_with_Ih_table.csv (best run #0, cost=79.5968)
